android/build/intermediates/manifest_merge_blame_file/debug/manifest-merger-blame-debug-report.txt
1<?xml version="1.0" encoding="utf-8"?>
2<manifest xmlns:android="http://schemas.android.com/apk/res/android"
3    xmlns:tools="http://schemas.android.com/tools"
4    package="com.reactnativephotoeditor" >
5
6    <uses-sdk android:minSdkVersion="23" />
7
8    <uses-permission android:name="android.permission.WRITE_EXTERNAL_STORAGE" />
8-->src/main/AndroidManifest.xml:5:3-78
8-->src/main/AndroidManifest.xml:5:20-76
9    <uses-permission android:name="android.permission.INTERNET" />
9-->src/main/AndroidManifest.xml:6:3-65
9-->src/main/AndroidManifest.xml:6:20-62
10
11    <application
11-->src/main/AndroidManifest.xml:7:3-15:17
12        android:allowBackup="false"
12-->src/main/AndroidManifest.xml:8:5-32
13        android:requestLegacyExternalStorage="true"
13-->src/main/AndroidManifest.xml:10:5-48
14        tools:replace="android:allowBackup" >
14-->src/main/AndroidManifest.xml:9:5-40
15        <activity
15-->src/main/AndroidManifest.xml:12:5-14:71
16            android:name="com.reactnativephotoeditor.activity.PhotoEditorActivity"
16-->src/main/AndroidManifest.xml:13:7-51
17            android:configChanges="orientation|keyboardHidden|screenSize" />
17-->src/main/AndroidManifest.xml:14:7-68
18    </application>
19
20</manifest>